\BOOKMARK [1][-]{chapter*.1}{Abstract}{}% 1
\BOOKMARK [1][-]{chapter*.1}{Preface}{}% 2
\BOOKMARK [0][-]{chapter.1}{Background}{}% 3
\BOOKMARK [1][-]{section.1.1}{Spin-1/2 Systems and Nuclear Magnetic Resonance}{chapter.1}% 4
\BOOKMARK [1][-]{section.1.2}{Hamiltonian Engineering}{chapter.1}% 5
\BOOKMARK [2][-]{subsection.1.2.1}{Average Hamiltonian Theory}{section.1.2}% 6
\BOOKMARK [2][-]{subsection.1.2.2}{WAHUHA-4 Pulse Seuqnce}{section.1.2}% 7
\BOOKMARK [2][-]{subsection.1.2.3}{CORY-48 Pulse Seuqnce}{section.1.2}% 8
\BOOKMARK [0][-]{chapter.2}{Reinforcement Learning}{}% 9
\BOOKMARK [1][-]{subsection.2.0.1}{Algorithm Examples}{chapter.2}% 10
\BOOKMARK [2][-]{section*.10}{Q-learning and DQN}{subsection.2.0.1}% 11
\BOOKMARK [3][-]{section*.11}{PPO}{section*.10}% 12
\BOOKMARK [3][-]{section*.12}{ERL}{section*.10}% 13
\BOOKMARK [3][-]{section*.13}{AlphaZero}{section*.10}% 14
\BOOKMARK [0][-]{chapter.3}{Methods}{}% 15
\BOOKMARK [1][-]{section.3.1}{Simulated Spin Systems}{chapter.3}% 16
\BOOKMARK [1][-]{section.3.2}{Reinforcement Learning Implementation}{chapter.3}% 17
\BOOKMARK [2][-]{subsection.3.2.1}{Action Space and Representation}{section.3.2}% 18
\BOOKMARK [2][-]{subsection.3.2.2}{State Space and Representation}{section.3.2}% 19
\BOOKMARK [2][-]{subsection.3.2.3}{Reward Function}{section.3.2}% 20
\BOOKMARK [2][-]{subsection.3.2.4}{AlphaZero Algorithm}{section.3.2}% 21
\BOOKMARK [2][-]{subsection.3.2.5}{Neural Network Architecture}{section.3.2}% 22
